3ca4 start_logger              160 ---- 2024/01/27 11:42:50.620 -------------------------------------------------
3ca4 start_logger              166 Host process is 'cmd.exe' (pid 15524)
3ca4 start_logger              170 DLL path is 'C:\Users\Ohoon\Desktop\Jango_Project\cmder\vendor\clink'
3ca4 start_logger              185 Windows version 10.0.18363 (x64)
3ca4 start_logger              187 Clink version 1.5.1.1e9e51 (x64)
3ca4 hook_setter::hook_setter  159 >>> Started hook transaction.
3ca4 hook_setter::attach_iat   316 Attempting to hook SetEnvironmentVariableW in IAT for module 00007FF63FF00000.
3ca4 pe_info::iterate_imports  195 Found import in 'api-ms-win-core-processenvironment-l1-1-0.dll'
3ca4 find_iat                  124 Found import at 00007FF63FF31830 (value is 00007FFB77D9BAD0).
3ca4 hook_setter::attach_iat   316 Attempting to hook WriteConsoleW in IAT for module 00007FF63FF00000.
3ca4 pe_info::iterate_imports  195 Found import in 'api-ms-win-core-console-l1-1-0.dll'
3ca4 find_iat                  124 Found import at 00007FF63FF314C8 (value is 00007FFB77D44B50).
3ca4 hook_setter::attach_iat   316 Attempting to hook GetEnvironmentVariableW in IAT for module 00007FF63FF00000.
3ca4 pe_info::iterate_imports  195 Found import in 'api-ms-win-core-processenvironment-l1-1-0.dll'
3ca4 find_iat                  124 Found import at 00007FF63FF31850 (value is 00007FFB77D5E810).
3ca4 hook_setter::commit       207 <<< Hook transaction committed.
3ca4 hook_setter::hook_setter  159 >>> Started hook transaction.
3ca4 hook_setter::detach_iat   359 Attempting to unhook 00007FFB191DB0F0 from GetEnvironmentVariableW in IAT for module 00007FF63FF00000.
3ca4 pe_info::iterate_imports  195 Found import in 'api-ms-win-core-processenvironment-l1-1-0.dll'
3ca4 find_iat                  124 Found import at 00007FF63FF31850 (value is 00007FFB191DB0F0).
3ca4 hook_setter::commit       207 <<< Hook transaction committed.
3ca4 hook_setter::hook_setter  159 >>> Started hook transaction.
3ca4 hook_setter::attach_iat   316 Attempting to hook ReadConsoleW in IAT for module 00007FF63FF00000.
3ca4 pe_info::iterate_imports  195 Found import in 'api-ms-win-core-console-l1-1-0.dll'
3ca4 find_iat                  124 Found import at 00007FF63FF314B0 (value is 00007FFB77E244B0).
3ca4 hook_setter::commit       207 <<< Hook transaction committed.
3ca4 hook_setter::hook_setter  159 >>> Started hook transaction.
3ca4 hook_setter::attach_iat   316 Attempting to hook SetConsoleTitleW in IAT for module 00007FF63FF00000.
3ca4 pe_info::iterate_imports  195 Found import in 'api-ms-win-core-console-l2-2-0.dll'
3ca4 find_iat                  124 Found import at 00007FF63FF31528 (value is 00007FFB77D40610).
3ca4 hook_setter::commit       207 <<< Hook transaction committed.
3ca4 win_screen_buffer::begin  297 Using native terminal support (auto mode found 'ConEmuHk64.dll').
3ca4 reset_handle              144 resetting mismatched stdout handle
3ca4 init_cached_font          577 console font "굴림체", cell width 3, pitch and family 0x36
3ca4 init_cached_font          578 East Asian Ambiguous mode 3
3ca4 host_lua::load_scripts    158 Loaded 2 Lua scripts in 442 ms
3ca4 ={update.lua}               0 Clink updater: updating because there is no record of having updated before.
3ca4 extract_ctag              926 read 0 bytes
3ca4 extract_ctag              926 read 0 bytes
3ca4 history_db::initialise   1264 master bank ctag: |CTAG_1706323378_604214625_15524_0
3ca4 history_db::compact      1526 History:  0 active, 0 deleted
3ca4 ={update.lua}               0 Clink updater: latest release is v1.6.2; install type is zip.
3ca4 ={update.lua}               0 Clink updater: downloading https://github.com/chrisant996/clink/releases/download/v1.6.2/clink.1.6.2.864f24.zip to C:\Users\Ohoon\AppData\Local\Temp\clink\updater\v1.6.2.zip.
3ca4 ={update.lua}               0 Clink updater: update in C:\Users\Ohoon\AppData\Local\Temp\clink\updater\v1.6.2.zip is ready to be applied.
3ca4 history_db::compact      1526 History:  0 active, 0 deleted
3ca4 reset_handle              144 resetting mismatched stdout handle
3ca4 history_db::compact      1526 History:  0 active, 0 deleted
3ca4 history_db::compact      1526 History:  0 active, 0 deleted
